2023-02-04 21:22:13,676 - mmcls - INFO - Environment info:
------------------------------------------------------------
sys.platform: linux
Python: 3.8.16 (default, Jan 17 2023, 23:13:24) [GCC 11.2.0]
CUDA available: True
GPU 0: NVIDIA GeForce RTX 3090
CUDA_HOME: /data/apps/cuda/11.1
NVCC: Cuda compilation tools, release 11.1, V11.1.74
GCC: gcc (GCC) 7.3.0
PyTorch: 1.10.0+cu111
PyTorch compiling details: PyTorch built with:
  - GCC 7.3
  - C++ Version: 201402
  - Intel(R) Math Kernel Library Version 2020.0.0 Product Build 20191122 for Intel(R) 64 architecture applications
  - Intel(R) MKL-DNN v2.2.3 (Git Hash 7336ca9f055cf1bfa13efb658fe15dc9b41f0740)
  - OpenMP 201511 (a.k.a. OpenMP 4.5)
  - LAPACK is enabled (usually provided by MKL)
  - NNPACK is enabled
  - CPU capability usage: AVX2
  - CUDA Runtime 11.1
  - NVCC architecture flags: -gencode;arch=compute_37,code=sm_37;-gencode;arch=compute_50,code=sm_50;-gencode;arch=compute_60,code=sm_60;-gencode;arch=compute_70,code=sm_70;-gencode;arch=compute_75,code=sm_75;-gencode;arch=compute_80,code=sm_80;-gencode;arch=compute_86,code=sm_86
  - CuDNN 8.0.5
  - Magma 2.5.2
  - Build settings: BLAS_INFO=mkl, BUILD_TYPE=Release, CUDA_VERSION=11.1, CUDNN_VERSION=8.0.5, CXX_COMPILER=/opt/rh/devtoolset-7/root/usr/bin/c++, CXX_FLAGS= -Wno-deprecated -fvisibility-inlines-hidden -DUSE_PTHREADPOOL -fopenmp -DNDEBUG -DUSE_KINETO -DUSE_FBGEMM -DUSE_QNNPACK -DUSE_PYTORCH_QNNPACK -DUSE_XNNPACK -DSYMBOLICATE_MOBILE_DEBUG_HANDLE -DEDGE_PROFILER_USE_KINETO -O2 -fPIC -Wno-narrowing -Wall -Wextra -Werror=return-type -Wno-missing-field-initializers -Wno-type-limits -Wno-array-bounds -Wno-unknown-pragmas -Wno-sign-compare -Wno-unused-parameter -Wno-unused-variable -Wno-unused-function -Wno-unused-result -Wno-unused-local-typedefs -Wno-strict-overflow -Wno-strict-aliasing -Wno-error=deprecated-declarations -Wno-stringop-overflow -Wno-psabi -Wno-error=pedantic -Wno-error=redundant-decls -Wno-error=old-style-cast -fdiagnostics-color=always -faligned-new -Wno-unused-but-set-variable -Wno-maybe-uninitialized -fno-math-errno -fno-trapping-math -Werror=format -Wno-stringop-overflow, LAPACK_INFO=mkl, PERF_WITH_AVX=1, PERF_WITH_AVX2=1, PERF_WITH_AVX512=1, TORCH_VERSION=1.10.0, USE_CUDA=ON, USE_CUDNN=ON, USE_EXCEPTION_PTR=1, USE_GFLAGS=OFF, USE_GLOG=OFF, USE_MKL=ON, USE_MKLDNN=ON, USE_MPI=OFF, USE_NCCL=ON, USE_NNPACK=ON, USE_OPENMP=ON, 

TorchVision: 0.11.0+cu111
OpenCV: 4.7.0
MMCV: 1.7.0
MMCV Compiler: GCC 7.3
MMCV CUDA Compiler: 11.1
MMClassification: 0.25.0+3d4f80d
------------------------------------------------------------

2023-02-04 21:22:13,678 - mmcls - INFO - Distributed training: False
2023-02-04 21:22:13,775 - mmcls - INFO - Config:
model = dict(
    type='ImageClassifier',
    backbone=dict(
        type='ResNet',
        depth=18,
        num_stages=4,
        out_indices=(3, ),
        style='pytorch'),
    neck=dict(type='GlobalAveragePooling'),
    head=dict(
        type='LinearClsHead',
        num_classes=5,
        in_channels=512,
        loss=dict(type='CrossEntropyLoss', loss_weight=1.0),
        topk=(1, )))
dataset_type = 'ImageNet'
img_norm_cfg = dict(
    mean=[123.675, 116.28, 103.53], std=[58.395, 57.12, 57.375], to_rgb=True)
train_pipeline = [
    dict(type='LoadImageFromFile'),
    dict(type='RandomResizedCrop', size=224),
    dict(type='RandomFlip', flip_prob=0.5, direction='horizontal'),
    dict(
        type='Normalize',
        mean=[123.675, 116.28, 103.53],
        std=[58.395, 57.12, 57.375],
        to_rgb=True),
    dict(type='ImageToTensor', keys=['img']),
    dict(type='ToTensor', keys=['gt_label']),
    dict(type='Collect', keys=['img', 'gt_label'])
]
test_pipeline = [
    dict(type='LoadImageFromFile'),
    dict(type='Resize', size=(256, -1)),
    dict(type='CenterCrop', crop_size=224),
    dict(
        type='Normalize',
        mean=[123.675, 116.28, 103.53],
        std=[58.395, 57.12, 57.375],
        to_rgb=True),
    dict(type='ImageToTensor', keys=['img']),
    dict(type='Collect', keys=['img'])
]
data = dict(
    samples_per_gpu=32,
    workers_per_gpu=2,
    train=dict(
        type='ImageNet',
        data_prefix='data/flower/train',
        pipeline=[
            dict(type='LoadImageFromFile'),
            dict(type='RandomResizedCrop', size=224),
            dict(type='RandomFlip', flip_prob=0.5, direction='horizontal'),
            dict(
                type='Normalize',
                mean=[123.675, 116.28, 103.53],
                std=[58.395, 57.12, 57.375],
                to_rgb=True),
            dict(type='ImageToTensor', keys=['img']),
            dict(type='ToTensor', keys=['gt_label']),
            dict(type='Collect', keys=['img', 'gt_label'])
        ],
        ann_file='data/flower/train.txt',
        classes='data/flower/classes.txt'),
    val=dict(
        type='ImageNet',
        data_prefix='data/flower/val',
        ann_file='data/flower/val.txt',
        pipeline=[
            dict(type='LoadImageFromFile'),
            dict(type='Resize', size=(256, -1)),
            dict(type='CenterCrop', crop_size=224),
            dict(
                type='Normalize',
                mean=[123.675, 116.28, 103.53],
                std=[58.395, 57.12, 57.375],
                to_rgb=True),
            dict(type='ImageToTensor', keys=['img']),
            dict(type='Collect', keys=['img'])
        ],
        classes='data/flower/classes.txt'),
    test=dict(
        type='ImageNet',
        data_prefix='data/imagenet/val',
        ann_file='data/imagenet/meta/val.txt',
        pipeline=[
            dict(type='LoadImageFromFile'),
            dict(type='Resize', size=(256, -1)),
            dict(type='CenterCrop', crop_size=224),
            dict(
                type='Normalize',
                mean=[123.675, 116.28, 103.53],
                std=[58.395, 57.12, 57.375],
                to_rgb=True),
            dict(type='ImageToTensor', keys=['img']),
            dict(type='Collect', keys=['img'])
        ]))
evaluation = dict(interval=1, metric='accuracy')
checkpoint_config = dict(interval=1)
log_config = dict(interval=100, hooks=[dict(type='TextLoggerHook')])
dist_params = dict(backend='nccl')
log_level = 'INFO'
load_from = '/HOME/scz0ara/run/OpenMMLabCamp/homework1/mmclassification/checkpoints/resnet18_batch256_imagenet_20200708-34ab8f90.pth'
resume_from = None
workflow = [('train', 1)]
optimizer = dict(type='SGD', lr=0.001, momentum=0.9, weight_decay=0.0001)
optimizer_config = dict(grad_clip=None)
lr_config = dict(policy='step', step=[1])
runner = dict(type='EpochBasedRunner', max_epochs=100)
work_dir = 'work/resnet18_b32_flower'
gpu_ids = [0]

2023-02-04 21:22:13,777 - mmcls - INFO - Set random seed to 928719620, deterministic: False
2023-02-04 21:22:13,861 - mmcls - INFO - initialize ResNet with init_cfg [{'type': 'Kaiming', 'layer': ['Conv2d']}, {'type': 'Constant', 'val': 1, 'layer': ['_BatchNorm', 'GroupNorm']}]
2023-02-04 21:22:13,954 - mmcls - INFO - initialize LinearClsHead with init_cfg {'type': 'Normal', 'layer': 'Linear', 'std': 0.01}
Name of parameter - Initialization information

backbone.conv1.weight - torch.Size([64, 3, 7, 7]): 
KaimingInit: a=0, mode=fan_out, nonlinearity=relu, distribution =normal, bias=0 

backbone.bn1.weight - torch.Size([64]): 
The value is the same before and after calling `init_weights` of ImageClassifier  

backbone.bn1.bias - torch.Size([64]): 
The value is the same before and after calling `init_weights` of ImageClassifier  

backbone.layer1.0.conv1.weight - torch.Size([64, 64, 3, 3]): 
KaimingInit: a=0, mode=fan_out, nonlinearity=relu, distribution =normal, bias=0 

backbone.layer1.0.bn1.weight - torch.Size([64]): 
The value is the same before and after calling `init_weights` of ImageClassifier  

backbone.layer1.0.bn1.bias - torch.Size([64]): 
The value is the same before and after calling `init_weights` of ImageClassifier  

backbone.layer1.0.conv2.weight - torch.Size([64, 64, 3, 3]): 
KaimingInit: a=0, mode=fan_out, nonlinearity=relu, distribution =normal, bias=0 

backbone.layer1.0.bn2.weight - torch.Size([64]): 
Initialized by user-defined `init_weights` in ResNet  

backbone.layer1.0.bn2.bias - torch.Size([64]): 
The value is the same before and after calling `init_weights` of ImageClassifier  

backbone.layer1.1.conv1.weight - torch.Size([64, 64, 3, 3]): 
KaimingInit: a=0, mode=fan_out, nonlinearity=relu, distribution =normal, bias=0 

backbone.layer1.1.bn1.weight - torch.Size([64]): 
The value is the same before and after calling `init_weights` of ImageClassifier  

backbone.layer1.1.bn1.bias - torch.Size([64]): 
The value is the same before and after calling `init_weights` of ImageClassifier  

backbone.layer1.1.conv2.weight - torch.Size([64, 64, 3, 3]): 
KaimingInit: a=0, mode=fan_out, nonlinearity=relu, distribution =normal, bias=0 

backbone.layer1.1.bn2.weight - torch.Size([64]): 
Initialized by user-defined `init_weights` in ResNet  

backbone.layer1.1.bn2.bias - torch.Size([64]): 
The value is the same before and after calling `init_weights` of ImageClassifier  

backbone.layer2.0.conv1.weight - torch.Size([128, 64, 3, 3]): 
KaimingInit: a=0, mode=fan_out, nonlinearity=relu, distribution =normal, bias=0 

backbone.layer2.0.bn1.weight - torch.Size([128]): 
The value is the same before and after calling `init_weights` of ImageClassifier  

backbone.layer2.0.bn1.bias - torch.Size([128]): 
The value is the same before and after calling `init_weights` of ImageClassifier  

backbone.layer2.0.conv2.weight - torch.Size([128, 128, 3, 3]): 
KaimingInit: a=0, mode=fan_out, nonlinearity=relu, distribution =normal, bias=0 

backbone.layer2.0.bn2.weight - torch.Size([128]): 
Initialized by user-defined `init_weights` in ResNet  

backbone.layer2.0.bn2.bias - torch.Size([128]): 
The value is the same before and after calling `init_weights` of ImageClassifier  

backbone.layer2.0.downsample.0.weight - torch.Size([128, 64, 1, 1]): 
KaimingInit: a=0, mode=fan_out, nonlinearity=relu, distribution =normal, bias=0 

backbone.layer2.0.downsample.1.weight - torch.Size([128]): 
The value is the same before and after calling `init_weights` of ImageClassifier  

backbone.layer2.0.downsample.1.bias - torch.Size([128]): 
The value is the same before and after calling `init_weights` of ImageClassifier  

backbone.layer2.1.conv1.weight - torch.Size([128, 128, 3, 3]): 
KaimingInit: a=0, mode=fan_out, nonlinearity=relu, distribution =normal, bias=0 

backbone.layer2.1.bn1.weight - torch.Size([128]): 
The value is the same before and after calling `init_weights` of ImageClassifier  

backbone.layer2.1.bn1.bias - torch.Size([128]): 
The value is the same before and after calling `init_weights` of ImageClassifier  

backbone.layer2.1.conv2.weight - torch.Size([128, 128, 3, 3]): 
KaimingInit: a=0, mode=fan_out, nonlinearity=relu, distribution =normal, bias=0 

backbone.layer2.1.bn2.weight - torch.Size([128]): 
Initialized by user-defined `init_weights` in ResNet  

backbone.layer2.1.bn2.bias - torch.Size([128]): 
The value is the same before and after calling `init_weights` of ImageClassifier  

backbone.layer3.0.conv1.weight - torch.Size([256, 128, 3, 3]): 
KaimingInit: a=0, mode=fan_out, nonlinearity=relu, distribution =normal, bias=0 

backbone.layer3.0.bn1.weight - torch.Size([256]): 
The value is the same before and after calling `init_weights` of ImageClassifier  

backbone.layer3.0.bn1.bias - torch.Size([256]): 
The value is the same before and after calling `init_weights` of ImageClassifier  

backbone.layer3.0.conv2.weight - torch.Size([256, 256, 3, 3]): 
KaimingInit: a=0, mode=fan_out, nonlinearity=relu, distribution =normal, bias=0 

backbone.layer3.0.bn2.weight - torch.Size([256]): 
Initialized by user-defined `init_weights` in ResNet  

backbone.layer3.0.bn2.bias - torch.Size([256]): 
The value is the same before and after calling `init_weights` of ImageClassifier  

backbone.layer3.0.downsample.0.weight - torch.Size([256, 128, 1, 1]): 
KaimingInit: a=0, mode=fan_out, nonlinearity=relu, distribution =normal, bias=0 

backbone.layer3.0.downsample.1.weight - torch.Size([256]): 
The value is the same before and after calling `init_weights` of ImageClassifier  

backbone.layer3.0.downsample.1.bias - torch.Size([256]): 
The value is the same before and after calling `init_weights` of ImageClassifier  

backbone.layer3.1.conv1.weight - torch.Size([256, 256, 3, 3]): 
KaimingInit: a=0, mode=fan_out, nonlinearity=relu, distribution =normal, bias=0 

backbone.layer3.1.bn1.weight - torch.Size([256]): 
The value is the same before and after calling `init_weights` of ImageClassifier  

backbone.layer3.1.bn1.bias - torch.Size([256]): 
The value is the same before and after calling `init_weights` of ImageClassifier  

backbone.layer3.1.conv2.weight - torch.Size([256, 256, 3, 3]): 
KaimingInit: a=0, mode=fan_out, nonlinearity=relu, distribution =normal, bias=0 

backbone.layer3.1.bn2.weight - torch.Size([256]): 
Initialized by user-defined `init_weights` in ResNet  

backbone.layer3.1.bn2.bias - torch.Size([256]): 
The value is the same before and after calling `init_weights` of ImageClassifier  

backbone.layer4.0.conv1.weight - torch.Size([512, 256, 3, 3]): 
KaimingInit: a=0, mode=fan_out, nonlinearity=relu, distribution =normal, bias=0 

backbone.layer4.0.bn1.weight - torch.Size([512]): 
The value is the same before and after calling `init_weights` of ImageClassifier  

backbone.layer4.0.bn1.bias - torch.Size([512]): 
The value is the same before and after calling `init_weights` of ImageClassifier  

backbone.layer4.0.conv2.weight - torch.Size([512, 512, 3, 3]): 
KaimingInit: a=0, mode=fan_out, nonlinearity=relu, distribution =normal, bias=0 

backbone.layer4.0.bn2.weight - torch.Size([512]): 
Initialized by user-defined `init_weights` in ResNet  

backbone.layer4.0.bn2.bias - torch.Size([512]): 
The value is the same before and after calling `init_weights` of ImageClassifier  

backbone.layer4.0.downsample.0.weight - torch.Size([512, 256, 1, 1]): 
KaimingInit: a=0, mode=fan_out, nonlinearity=relu, distribution =normal, bias=0 

backbone.layer4.0.downsample.1.weight - torch.Size([512]): 
The value is the same before and after calling `init_weights` of ImageClassifier  

backbone.layer4.0.downsample.1.bias - torch.Size([512]): 
The value is the same before and after calling `init_weights` of ImageClassifier  

backbone.layer4.1.conv1.weight - torch.Size([512, 512, 3, 3]): 
KaimingInit: a=0, mode=fan_out, nonlinearity=relu, distribution =normal, bias=0 

backbone.layer4.1.bn1.weight - torch.Size([512]): 
The value is the same before and after calling `init_weights` of ImageClassifier  

backbone.layer4.1.bn1.bias - torch.Size([512]): 
The value is the same before and after calling `init_weights` of ImageClassifier  

backbone.layer4.1.conv2.weight - torch.Size([512, 512, 3, 3]): 
KaimingInit: a=0, mode=fan_out, nonlinearity=relu, distribution =normal, bias=0 

backbone.layer4.1.bn2.weight - torch.Size([512]): 
Initialized by user-defined `init_weights` in ResNet  

backbone.layer4.1.bn2.bias - torch.Size([512]): 
The value is the same before and after calling `init_weights` of ImageClassifier  

head.fc.weight - torch.Size([5, 512]): 
NormalInit: mean=0, std=0.01, bias=0 

head.fc.bias - torch.Size([5]): 
NormalInit: mean=0, std=0.01, bias=0 
2023-02-04 21:22:18,878 - mmcls - INFO - load checkpoint from local path: /HOME/scz0ara/run/OpenMMLabCamp/homework1/mmclassification/checkpoints/resnet18_batch256_imagenet_20200708-34ab8f90.pth
2023-02-04 21:22:19,010 - mmcls - WARNING - The model and loaded state dict do not match exactly

size mismatch for head.fc.weight: copying a param with shape torch.Size([1000, 512]) from checkpoint, the shape in current model is torch.Size([5, 512]).
size mismatch for head.fc.bias: copying a param with shape torch.Size([1000]) from checkpoint, the shape in current model is torch.Size([5]).
2023-02-04 21:22:19,010 - mmcls - INFO - Start running, host: scz0ara@g0099, work_dir: /data/run01/scz0ara/OpenMMLabCamp/homework1/mmclassification/work/resnet18_b32_flower
2023-02-04 21:22:19,010 - mmcls - INFO - Hooks will be executed in the following order:
before_run:
(VERY_HIGH   ) StepLrUpdaterHook                  
(NORMAL      ) CheckpointHook                     
(LOW         ) EvalHook                           
(VERY_LOW    ) TextLoggerHook                     
 -------------------- 
before_train_epoch:
(VERY_HIGH   ) StepLrUpdaterHook                  
(LOW         ) IterTimerHook                      
(LOW         ) EvalHook                           
(VERY_LOW    ) TextLoggerHook                     
 -------------------- 
before_train_iter:
(VERY_HIGH   ) StepLrUpdaterHook                  
(LOW         ) IterTimerHook                      
(LOW         ) EvalHook                           
 -------------------- 
after_train_iter:
(ABOVE_NORMAL) OptimizerHook                      
(NORMAL      ) CheckpointHook                     
(LOW         ) IterTimerHook                      
(LOW         ) EvalHook                           
(VERY_LOW    ) TextLoggerHook                     
 -------------------- 
after_train_epoch:
(NORMAL      ) CheckpointHook                     
(LOW         ) EvalHook                           
(VERY_LOW    ) TextLoggerHook                     
 -------------------- 
before_val_epoch:
(LOW         ) IterTimerHook                      
(VERY_LOW    ) TextLoggerHook                     
 -------------------- 
before_val_iter:
(LOW         ) IterTimerHook                      
 -------------------- 
after_val_iter:
(LOW         ) IterTimerHook                      
 -------------------- 
after_val_epoch:
(VERY_LOW    ) TextLoggerHook                     
 -------------------- 
after_run:
(VERY_LOW    ) TextLoggerHook                     
 -------------------- 
2023-02-04 21:22:19,011 - mmcls - INFO - workflow: [('train', 1)], max: 100 epochs
2023-02-04 21:22:19,011 - mmcls - INFO - Checkpoints will be saved to /data/run01/scz0ara/OpenMMLabCamp/homework1/mmclassification/work/resnet18_b32_flower by HardDiskBackend.
2023-02-04 21:22:30,482 - mmcls - INFO - Saving checkpoint at 1 epochs
2023-02-04 21:22:32,561 - mmcls - INFO - Epoch(val) [1][18]	accuracy_top-1: 93.5315, accuracy_top-5: 100.0000
2023-02-04 21:22:37,951 - mmcls - INFO - Saving checkpoint at 2 epochs
2023-02-04 21:22:38,906 - mmcls - INFO - Epoch(val) [2][18]	accuracy_top-1: 92.4825, accuracy_top-5: 100.0000
2023-02-04 21:22:44,257 - mmcls - INFO - Saving checkpoint at 3 epochs
2023-02-04 21:22:45,248 - mmcls - INFO - Epoch(val) [3][18]	accuracy_top-1: 92.8322, accuracy_top-5: 100.0000
2023-02-04 21:22:50,664 - mmcls - INFO - Saving checkpoint at 4 epochs
2023-02-04 21:22:51,621 - mmcls - INFO - Epoch(val) [4][18]	accuracy_top-1: 91.9580, accuracy_top-5: 100.0000
2023-02-04 21:22:57,000 - mmcls - INFO - Saving checkpoint at 5 epochs
2023-02-04 21:22:57,955 - mmcls - INFO - Epoch(val) [5][18]	accuracy_top-1: 93.7063, accuracy_top-5: 100.0000
2023-02-04 21:23:03,365 - mmcls - INFO - Saving checkpoint at 6 epochs
2023-02-04 21:23:04,312 - mmcls - INFO - Epoch(val) [6][18]	accuracy_top-1: 93.1818, accuracy_top-5: 100.0000
2023-02-04 21:23:09,710 - mmcls - INFO - Saving checkpoint at 7 epochs
2023-02-04 21:23:10,661 - mmcls - INFO - Epoch(val) [7][18]	accuracy_top-1: 93.5315, accuracy_top-5: 100.0000
2023-02-04 21:23:16,083 - mmcls - INFO - Saving checkpoint at 8 epochs
2023-02-04 21:23:17,049 - mmcls - INFO - Epoch(val) [8][18]	accuracy_top-1: 94.2308, accuracy_top-5: 100.0000
2023-02-04 21:23:22,406 - mmcls - INFO - Saving checkpoint at 9 epochs
2023-02-04 21:23:23,450 - mmcls - INFO - Epoch(val) [9][18]	accuracy_top-1: 94.0559, accuracy_top-5: 100.0000
2023-02-04 21:23:28,894 - mmcls - INFO - Saving checkpoint at 10 epochs
2023-02-04 21:23:29,849 - mmcls - INFO - Epoch(val) [10][18]	accuracy_top-1: 94.0559, accuracy_top-5: 100.0000
2023-02-04 21:23:35,279 - mmcls - INFO - Saving checkpoint at 11 epochs
2023-02-04 21:23:36,241 - mmcls - INFO - Epoch(val) [11][18]	accuracy_top-1: 94.2308, accuracy_top-5: 100.0000
2023-02-04 21:23:41,625 - mmcls - INFO - Saving checkpoint at 12 epochs
2023-02-04 21:23:42,626 - mmcls - INFO - Epoch(val) [12][18]	accuracy_top-1: 94.2308, accuracy_top-5: 100.0000
2023-02-04 21:23:48,005 - mmcls - INFO - Saving checkpoint at 13 epochs
2023-02-04 21:23:48,987 - mmcls - INFO - Epoch(val) [13][18]	accuracy_top-1: 94.7552, accuracy_top-5: 100.0000
2023-02-04 21:23:54,347 - mmcls - INFO - Saving checkpoint at 14 epochs
2023-02-04 21:23:55,300 - mmcls - INFO - Epoch(val) [14][18]	accuracy_top-1: 94.2308, accuracy_top-5: 100.0000
2023-02-04 21:24:00,685 - mmcls - INFO - Saving checkpoint at 15 epochs
2023-02-04 21:24:01,654 - mmcls - INFO - Epoch(val) [15][18]	accuracy_top-1: 94.0559, accuracy_top-5: 100.0000
2023-02-04 21:24:07,078 - mmcls - INFO - Saving checkpoint at 16 epochs
2023-02-04 21:24:08,049 - mmcls - INFO - Epoch(val) [16][18]	accuracy_top-1: 94.5804, accuracy_top-5: 100.0000
2023-02-04 21:24:13,455 - mmcls - INFO - Saving checkpoint at 17 epochs
2023-02-04 21:24:14,415 - mmcls - INFO - Epoch(val) [17][18]	accuracy_top-1: 94.9301, accuracy_top-5: 100.0000
2023-02-04 21:24:19,763 - mmcls - INFO - Saving checkpoint at 18 epochs
2023-02-04 21:24:20,723 - mmcls - INFO - Epoch(val) [18][18]	accuracy_top-1: 94.7552, accuracy_top-5: 100.0000
2023-02-04 21:24:26,124 - mmcls - INFO - Saving checkpoint at 19 epochs
2023-02-04 21:24:27,082 - mmcls - INFO - Epoch(val) [19][18]	accuracy_top-1: 94.5804, accuracy_top-5: 100.0000
2023-02-04 21:24:32,465 - mmcls - INFO - Saving checkpoint at 20 epochs
2023-02-04 21:24:33,423 - mmcls - INFO - Epoch(val) [20][18]	accuracy_top-1: 94.4056, accuracy_top-5: 100.0000
2023-02-04 21:24:38,856 - mmcls - INFO - Saving checkpoint at 21 epochs
2023-02-04 21:24:39,853 - mmcls - INFO - Epoch(val) [21][18]	accuracy_top-1: 95.1049, accuracy_top-5: 100.0000
2023-02-04 21:24:45,270 - mmcls - INFO - Saving checkpoint at 22 epochs
2023-02-04 21:24:46,235 - mmcls - INFO - Epoch(val) [22][18]	accuracy_top-1: 95.1049, accuracy_top-5: 100.0000
2023-02-04 21:24:51,629 - mmcls - INFO - Saving checkpoint at 23 epochs
2023-02-04 21:24:52,594 - mmcls - INFO - Epoch(val) [23][18]	accuracy_top-1: 94.7552, accuracy_top-5: 100.0000
2023-02-04 21:24:57,982 - mmcls - INFO - Saving checkpoint at 24 epochs
2023-02-04 21:24:58,940 - mmcls - INFO - Epoch(val) [24][18]	accuracy_top-1: 95.2797, accuracy_top-5: 100.0000
2023-02-04 21:25:04,343 - mmcls - INFO - Saving checkpoint at 25 epochs
2023-02-04 21:25:05,299 - mmcls - INFO - Epoch(val) [25][18]	accuracy_top-1: 94.9301, accuracy_top-5: 100.0000
2023-02-04 21:25:10,704 - mmcls - INFO - Saving checkpoint at 26 epochs
2023-02-04 21:25:11,665 - mmcls - INFO - Epoch(val) [26][18]	accuracy_top-1: 95.1049, accuracy_top-5: 100.0000
2023-02-04 21:25:17,026 - mmcls - INFO - Saving checkpoint at 27 epochs
2023-02-04 21:25:17,986 - mmcls - INFO - Epoch(val) [27][18]	accuracy_top-1: 95.2797, accuracy_top-5: 100.0000
2023-02-04 21:25:23,351 - mmcls - INFO - Saving checkpoint at 28 epochs
2023-02-04 21:25:24,304 - mmcls - INFO - Epoch(val) [28][18]	accuracy_top-1: 95.1049, accuracy_top-5: 100.0000
2023-02-04 21:25:29,707 - mmcls - INFO - Saving checkpoint at 29 epochs
2023-02-04 21:25:30,664 - mmcls - INFO - Epoch(val) [29][18]	accuracy_top-1: 95.2797, accuracy_top-5: 100.0000
2023-02-04 21:25:36,048 - mmcls - INFO - Saving checkpoint at 30 epochs
2023-02-04 21:25:37,006 - mmcls - INFO - Epoch(val) [30][18]	accuracy_top-1: 95.2797, accuracy_top-5: 100.0000
2023-02-04 21:25:42,378 - mmcls - INFO - Saving checkpoint at 31 epochs
2023-02-04 21:25:43,348 - mmcls - INFO - Epoch(val) [31][18]	accuracy_top-1: 95.4545, accuracy_top-5: 100.0000
2023-02-04 21:25:48,721 - mmcls - INFO - Saving checkpoint at 32 epochs
2023-02-04 21:25:49,681 - mmcls - INFO - Epoch(val) [32][18]	accuracy_top-1: 95.6294, accuracy_top-5: 100.0000
2023-02-04 21:25:55,092 - mmcls - INFO - Saving checkpoint at 33 epochs
2023-02-04 21:25:56,060 - mmcls - INFO - Epoch(val) [33][18]	accuracy_top-1: 95.6294, accuracy_top-5: 100.0000
2023-02-04 21:26:01,469 - mmcls - INFO - Saving checkpoint at 34 epochs
2023-02-04 21:26:02,428 - mmcls - INFO - Epoch(val) [34][18]	accuracy_top-1: 95.1049, accuracy_top-5: 100.0000
2023-02-04 21:26:07,787 - mmcls - INFO - Saving checkpoint at 35 epochs
2023-02-04 21:26:08,745 - mmcls - INFO - Epoch(val) [35][18]	accuracy_top-1: 95.4545, accuracy_top-5: 100.0000
2023-02-04 21:26:14,147 - mmcls - INFO - Saving checkpoint at 36 epochs
2023-02-04 21:26:15,102 - mmcls - INFO - Epoch(val) [36][18]	accuracy_top-1: 95.6294, accuracy_top-5: 100.0000
2023-02-04 21:26:20,471 - mmcls - INFO - Saving checkpoint at 37 epochs
2023-02-04 21:26:21,438 - mmcls - INFO - Epoch(val) [37][18]	accuracy_top-1: 95.4545, accuracy_top-5: 100.0000
2023-02-04 21:26:26,844 - mmcls - INFO - Saving checkpoint at 38 epochs
2023-02-04 21:26:27,811 - mmcls - INFO - Epoch(val) [38][18]	accuracy_top-1: 95.6294, accuracy_top-5: 100.0000
2023-02-04 21:26:33,237 - mmcls - INFO - Saving checkpoint at 39 epochs
2023-02-04 21:26:34,190 - mmcls - INFO - Epoch(val) [39][18]	accuracy_top-1: 95.8042, accuracy_top-5: 100.0000
2023-02-04 21:26:39,590 - mmcls - INFO - Saving checkpoint at 40 epochs
2023-02-04 21:26:40,743 - mmcls - INFO - Epoch(val) [40][18]	accuracy_top-1: 95.8042, accuracy_top-5: 100.0000
2023-02-04 21:26:46,141 - mmcls - INFO - Saving checkpoint at 41 epochs
2023-02-04 21:26:47,099 - mmcls - INFO - Epoch(val) [41][18]	accuracy_top-1: 95.6294, accuracy_top-5: 100.0000
2023-02-04 21:26:52,490 - mmcls - INFO - Saving checkpoint at 42 epochs
2023-02-04 21:26:53,548 - mmcls - INFO - Epoch(val) [42][18]	accuracy_top-1: 95.6294, accuracy_top-5: 100.0000
2023-02-04 21:26:59,018 - mmcls - INFO - Saving checkpoint at 43 epochs
2023-02-04 21:26:59,978 - mmcls - INFO - Epoch(val) [43][18]	accuracy_top-1: 95.4545, accuracy_top-5: 100.0000
2023-02-04 21:27:05,377 - mmcls - INFO - Saving checkpoint at 44 epochs
2023-02-04 21:27:06,347 - mmcls - INFO - Epoch(val) [44][18]	accuracy_top-1: 95.4545, accuracy_top-5: 100.0000
2023-02-04 21:27:11,810 - mmcls - INFO - Saving checkpoint at 45 epochs
2023-02-04 21:27:12,767 - mmcls - INFO - Epoch(val) [45][18]	accuracy_top-1: 95.2797, accuracy_top-5: 100.0000
2023-02-04 21:27:18,139 - mmcls - INFO - Saving checkpoint at 46 epochs
2023-02-04 21:27:19,087 - mmcls - INFO - Epoch(val) [46][18]	accuracy_top-1: 95.8042, accuracy_top-5: 100.0000
2023-02-04 21:27:24,500 - mmcls - INFO - Saving checkpoint at 47 epochs
2023-02-04 21:27:25,469 - mmcls - INFO - Epoch(val) [47][18]	accuracy_top-1: 95.8042, accuracy_top-5: 100.0000
2023-02-04 21:27:30,874 - mmcls - INFO - Saving checkpoint at 48 epochs
2023-02-04 21:27:31,837 - mmcls - INFO - Epoch(val) [48][18]	accuracy_top-1: 95.6294, accuracy_top-5: 100.0000
2023-02-04 21:27:37,207 - mmcls - INFO - Saving checkpoint at 49 epochs
2023-02-04 21:27:38,162 - mmcls - INFO - Epoch(val) [49][18]	accuracy_top-1: 95.6294, accuracy_top-5: 100.0000
2023-02-04 21:27:43,588 - mmcls - INFO - Saving checkpoint at 50 epochs
2023-02-04 21:27:44,556 - mmcls - INFO - Epoch(val) [50][18]	accuracy_top-1: 95.8042, accuracy_top-5: 100.0000
2023-02-04 21:27:49,957 - mmcls - INFO - Saving checkpoint at 51 epochs
2023-02-04 21:27:50,923 - mmcls - INFO - Epoch(val) [51][18]	accuracy_top-1: 96.1538, accuracy_top-5: 100.0000
2023-02-04 21:27:56,343 - mmcls - INFO - Saving checkpoint at 52 epochs
2023-02-04 21:27:57,307 - mmcls - INFO - Epoch(val) [52][18]	accuracy_top-1: 96.1538, accuracy_top-5: 100.0000
2023-02-04 21:28:02,715 - mmcls - INFO - Saving checkpoint at 53 epochs
2023-02-04 21:28:03,683 - mmcls - INFO - Epoch(val) [53][18]	accuracy_top-1: 95.9790, accuracy_top-5: 100.0000
2023-02-04 21:28:09,064 - mmcls - INFO - Saving checkpoint at 54 epochs
2023-02-04 21:28:10,029 - mmcls - INFO - Epoch(val) [54][18]	accuracy_top-1: 96.1538, accuracy_top-5: 100.0000
2023-02-04 21:28:15,447 - mmcls - INFO - Saving checkpoint at 55 epochs
2023-02-04 21:28:16,408 - mmcls - INFO - Epoch(val) [55][18]	accuracy_top-1: 96.3287, accuracy_top-5: 100.0000
2023-02-04 21:28:21,851 - mmcls - INFO - Saving checkpoint at 56 epochs
2023-02-04 21:28:22,813 - mmcls - INFO - Epoch(val) [56][18]	accuracy_top-1: 95.4545, accuracy_top-5: 100.0000
2023-02-04 21:28:28,216 - mmcls - INFO - Saving checkpoint at 57 epochs
2023-02-04 21:28:29,181 - mmcls - INFO - Epoch(val) [57][18]	accuracy_top-1: 95.9790, accuracy_top-5: 100.0000
2023-02-04 21:28:34,634 - mmcls - INFO - Saving checkpoint at 58 epochs
2023-02-04 21:28:35,590 - mmcls - INFO - Epoch(val) [58][18]	accuracy_top-1: 96.3287, accuracy_top-5: 100.0000
2023-02-04 21:28:41,001 - mmcls - INFO - Saving checkpoint at 59 epochs
2023-02-04 21:28:41,962 - mmcls - INFO - Epoch(val) [59][18]	accuracy_top-1: 96.3287, accuracy_top-5: 100.0000
2023-02-04 21:28:47,374 - mmcls - INFO - Saving checkpoint at 60 epochs
2023-02-04 21:28:48,335 - mmcls - INFO - Epoch(val) [60][18]	accuracy_top-1: 96.1538, accuracy_top-5: 100.0000
2023-02-04 21:28:53,781 - mmcls - INFO - Saving checkpoint at 61 epochs
2023-02-04 21:28:54,741 - mmcls - INFO - Epoch(val) [61][18]	accuracy_top-1: 96.1538, accuracy_top-5: 100.0000
2023-02-04 21:29:00,140 - mmcls - INFO - Saving checkpoint at 62 epochs
2023-02-04 21:29:01,098 - mmcls - INFO - Epoch(val) [62][18]	accuracy_top-1: 96.1538, accuracy_top-5: 100.0000
2023-02-04 21:29:06,473 - mmcls - INFO - Saving checkpoint at 63 epochs
2023-02-04 21:29:07,440 - mmcls - INFO - Epoch(val) [63][18]	accuracy_top-1: 96.3287, accuracy_top-5: 100.0000
2023-02-04 21:29:12,823 - mmcls - INFO - Saving checkpoint at 64 epochs
2023-02-04 21:29:13,789 - mmcls - INFO - Epoch(val) [64][18]	accuracy_top-1: 95.9790, accuracy_top-5: 100.0000
2023-02-04 21:29:19,178 - mmcls - INFO - Saving checkpoint at 65 epochs
2023-02-04 21:29:20,193 - mmcls - INFO - Epoch(val) [65][18]	accuracy_top-1: 96.1538, accuracy_top-5: 100.0000
2023-02-04 21:29:25,608 - mmcls - INFO - Saving checkpoint at 66 epochs
2023-02-04 21:29:26,572 - mmcls - INFO - Epoch(val) [66][18]	accuracy_top-1: 95.9790, accuracy_top-5: 100.0000
2023-02-04 21:29:31,983 - mmcls - INFO - Saving checkpoint at 67 epochs
2023-02-04 21:29:32,952 - mmcls - INFO - Epoch(val) [67][18]	accuracy_top-1: 96.3287, accuracy_top-5: 100.0000
2023-02-04 21:29:38,350 - mmcls - INFO - Saving checkpoint at 68 epochs
2023-02-04 21:29:39,318 - mmcls - INFO - Epoch(val) [68][18]	accuracy_top-1: 95.9790, accuracy_top-5: 100.0000
2023-02-04 21:29:44,728 - mmcls - INFO - Saving checkpoint at 69 epochs
2023-02-04 21:29:45,689 - mmcls - INFO - Epoch(val) [69][18]	accuracy_top-1: 95.6294, accuracy_top-5: 100.0000
2023-02-04 21:29:51,106 - mmcls - INFO - Saving checkpoint at 70 epochs
2023-02-04 21:29:52,073 - mmcls - INFO - Epoch(val) [70][18]	accuracy_top-1: 96.1538, accuracy_top-5: 100.0000
2023-02-04 21:29:57,516 - mmcls - INFO - Saving checkpoint at 71 epochs
2023-02-04 21:29:58,483 - mmcls - INFO - Epoch(val) [71][18]	accuracy_top-1: 95.9790, accuracy_top-5: 100.0000
2023-02-04 21:30:03,973 - mmcls - INFO - Saving checkpoint at 72 epochs
2023-02-04 21:30:05,559 - mmcls - INFO - Epoch(val) [72][18]	accuracy_top-1: 95.9790, accuracy_top-5: 100.0000
2023-02-04 21:30:10,961 - mmcls - INFO - Saving checkpoint at 73 epochs
2023-02-04 21:30:11,929 - mmcls - INFO - Epoch(val) [73][18]	accuracy_top-1: 96.6783, accuracy_top-5: 100.0000
2023-02-04 21:30:17,342 - mmcls - INFO - Saving checkpoint at 74 epochs
2023-02-04 21:30:18,306 - mmcls - INFO - Epoch(val) [74][18]	accuracy_top-1: 96.6783, accuracy_top-5: 100.0000
2023-02-04 21:30:23,711 - mmcls - INFO - Saving checkpoint at 75 epochs
2023-02-04 21:30:24,680 - mmcls - INFO - Epoch(val) [75][18]	accuracy_top-1: 95.9790, accuracy_top-5: 100.0000
2023-02-04 21:30:30,118 - mmcls - INFO - Saving checkpoint at 76 epochs
2023-02-04 21:30:31,074 - mmcls - INFO - Epoch(val) [76][18]	accuracy_top-1: 96.1538, accuracy_top-5: 100.0000
2023-02-04 21:30:36,463 - mmcls - INFO - Saving checkpoint at 77 epochs
2023-02-04 21:30:37,431 - mmcls - INFO - Epoch(val) [77][18]	accuracy_top-1: 96.8531, accuracy_top-5: 100.0000
2023-02-04 21:30:42,851 - mmcls - INFO - Saving checkpoint at 78 epochs
2023-02-04 21:30:43,810 - mmcls - INFO - Epoch(val) [78][18]	accuracy_top-1: 96.3287, accuracy_top-5: 100.0000
2023-02-04 21:30:49,258 - mmcls - INFO - Saving checkpoint at 79 epochs
2023-02-04 21:30:50,214 - mmcls - INFO - Epoch(val) [79][18]	accuracy_top-1: 96.3287, accuracy_top-5: 100.0000
2023-02-04 21:30:55,635 - mmcls - INFO - Saving checkpoint at 80 epochs
2023-02-04 21:30:56,605 - mmcls - INFO - Epoch(val) [80][18]	accuracy_top-1: 95.8042, accuracy_top-5: 100.0000
2023-02-04 21:31:02,016 - mmcls - INFO - Saving checkpoint at 81 epochs
2023-02-04 21:31:02,983 - mmcls - INFO - Epoch(val) [81][18]	accuracy_top-1: 96.5035, accuracy_top-5: 100.0000
2023-02-04 21:31:08,363 - mmcls - INFO - Saving checkpoint at 82 epochs
2023-02-04 21:31:09,337 - mmcls - INFO - Epoch(val) [82][18]	accuracy_top-1: 96.3287, accuracy_top-5: 100.0000
2023-02-04 21:31:14,738 - mmcls - INFO - Saving checkpoint at 83 epochs
2023-02-04 21:31:15,691 - mmcls - INFO - Epoch(val) [83][18]	accuracy_top-1: 96.1538, accuracy_top-5: 100.0000
2023-02-04 21:31:21,125 - mmcls - INFO - Saving checkpoint at 84 epochs
2023-02-04 21:31:22,082 - mmcls - INFO - Epoch(val) [84][18]	accuracy_top-1: 95.8042, accuracy_top-5: 100.0000
2023-02-04 21:31:27,480 - mmcls - INFO - Saving checkpoint at 85 epochs
2023-02-04 21:31:28,445 - mmcls - INFO - Epoch(val) [85][18]	accuracy_top-1: 96.1538, accuracy_top-5: 100.0000
2023-02-04 21:31:33,857 - mmcls - INFO - Saving checkpoint at 86 epochs
2023-02-04 21:31:34,818 - mmcls - INFO - Epoch(val) [86][18]	accuracy_top-1: 96.3287, accuracy_top-5: 100.0000
2023-02-04 21:31:40,247 - mmcls - INFO - Saving checkpoint at 87 epochs
2023-02-04 21:31:41,485 - mmcls - INFO - Epoch(val) [87][18]	accuracy_top-1: 96.5035, accuracy_top-5: 100.0000
2023-02-04 21:31:46,925 - mmcls - INFO - Saving checkpoint at 88 epochs
2023-02-04 21:31:47,883 - mmcls - INFO - Epoch(val) [88][18]	accuracy_top-1: 96.6783, accuracy_top-5: 100.0000
2023-02-04 21:31:53,314 - mmcls - INFO - Saving checkpoint at 89 epochs
2023-02-04 21:31:54,276 - mmcls - INFO - Epoch(val) [89][18]	accuracy_top-1: 96.6783, accuracy_top-5: 100.0000
2023-02-04 21:31:59,678 - mmcls - INFO - Saving checkpoint at 90 epochs
2023-02-04 21:32:00,647 - mmcls - INFO - Epoch(val) [90][18]	accuracy_top-1: 96.1538, accuracy_top-5: 100.0000
2023-02-04 21:32:06,039 - mmcls - INFO - Saving checkpoint at 91 epochs
2023-02-04 21:32:07,006 - mmcls - INFO - Epoch(val) [91][18]	accuracy_top-1: 96.5035, accuracy_top-5: 100.0000
2023-02-04 21:32:12,434 - mmcls - INFO - Saving checkpoint at 92 epochs
2023-02-04 21:32:13,397 - mmcls - INFO - Epoch(val) [92][18]	accuracy_top-1: 96.3287, accuracy_top-5: 100.0000
2023-02-04 21:32:18,783 - mmcls - INFO - Saving checkpoint at 93 epochs
2023-02-04 21:32:19,758 - mmcls - INFO - Epoch(val) [93][18]	accuracy_top-1: 96.3287, accuracy_top-5: 100.0000
2023-02-04 21:32:25,184 - mmcls - INFO - Saving checkpoint at 94 epochs
2023-02-04 21:32:26,145 - mmcls - INFO - Epoch(val) [94][18]	accuracy_top-1: 96.1538, accuracy_top-5: 100.0000
2023-02-04 21:32:31,530 - mmcls - INFO - Saving checkpoint at 95 epochs
2023-02-04 21:32:32,499 - mmcls - INFO - Epoch(val) [95][18]	accuracy_top-1: 96.3287, accuracy_top-5: 100.0000
2023-02-04 21:32:37,900 - mmcls - INFO - Saving checkpoint at 96 epochs
2023-02-04 21:32:38,860 - mmcls - INFO - Epoch(val) [96][18]	accuracy_top-1: 96.3287, accuracy_top-5: 100.0000
2023-02-04 21:32:44,254 - mmcls - INFO - Saving checkpoint at 97 epochs
2023-02-04 21:32:45,218 - mmcls - INFO - Epoch(val) [97][18]	accuracy_top-1: 96.5035, accuracy_top-5: 100.0000
2023-02-04 21:32:50,604 - mmcls - INFO - Saving checkpoint at 98 epochs
2023-02-04 21:32:51,557 - mmcls - INFO - Epoch(val) [98][18]	accuracy_top-1: 96.3287, accuracy_top-5: 100.0000
2023-02-04 21:32:56,999 - mmcls - INFO - Saving checkpoint at 99 epochs
2023-02-04 21:32:57,960 - mmcls - INFO - Epoch(val) [99][18]	accuracy_top-1: 96.5035, accuracy_top-5: 100.0000
2023-02-04 21:33:03,379 - mmcls - INFO - Saving checkpoint at 100 epochs
2023-02-04 21:33:04,334 - mmcls - INFO - Epoch(val) [100][18]	accuracy_top-1: 96.6783, accuracy_top-5: 100.0000
